
[2025-10-24 03:41:29] Email: lhandelpamisa0@gmail.com | OTP: 452807 | Status: ✅ PHPMailer email sent successfully

[2025-10-24 03:42:35] Email: lhandelpamisa0@gmail.com | OTP: 613302 | Status: ✅ PHPMailer email sent successfully

[2025-10-24 03:42:49] Email: lhandelpamisa0@gmail.com | OTP: 693016 | Status: ✅ PHPMailer email sent successfully

[2025-10-24 03:43:15] Email: lhandelpamisa0@gmail.com | OTP: 417250 | Status: ✅ PHPMailer email sent successfully

[2025-10-24 03:43:40] Email: lhandelpamisa0@gmail.com | OTP: 103365 | Status: ✅ PHPMailer email sent successfully

[2025-10-24 03:44:48] Email: lhandelpamisa0@gmail.com | OTP: 356406 | Status: ✅ PHPMailer email sent successfully

[2025-10-24 03:45:28] Email: lhandelpamisa0@gmail.com | OTP: 823753 | Status: ✅ PHPMailer email sent successfully

[2025-10-24 15:37:44] Email: lhandelpamisa0@gmail.com | OTP: 821649 | Status: ✅ PHPMailer email sent successfully

[2025-10-24 15:37:51] Email: lhandelpamisa0@gmail.com | OTP: 326771 | Status: ✅ PHPMailer email sent successfully

[2025-10-24 15:39:53] Email: lhandelpamisa0@gmail.com | OTP: 493826 | Status: ✅ PHPMailer email sent successfully

[2025-10-24 15:40:16] Email: lhandelpamisa0@gmail.com | OTP: 998804 | Status: ✅ PHPMailer email sent successfully

[2025-10-24 15:43:16] Email: lhandelpamisa0@gmail.com | OTP: 990446 | Status: ✅ PHPMailer email sent successfully

[2025-10-24 16:25:39] Email: markjamesp11770@gmail.com | OTP: 636111 | Status: ✅ PHPMailer email sent successfully

[2025-10-24 16:35:46] Email: parkjihyoda@gmail.com | OTP: 752168 | Status: ✅ PHPMailer email sent successfully

[2025-10-24 16:37:01] Email: markjamesp11770@gmail.com | OTP: 854077 | Status: ✅ PHPMailer email sent successfully

[2025-10-24 16:54:26] Email: markjamesp11770@gmail.com | OTP: 898908 | Status: ✅ PHPMailer email sent successfully

[2025-10-24 17:02:43] Email: parkjihyoda@gmail.com | OTP: 441412 | Status: ✅ PHPMailer email sent successfully

[2025-10-24 17:06:16] Email: markjamesp11770@gmail.com | OTP: 390826 | Status: ✅ PHPMailer email sent successfully

[2025-10-24 17:06:52] Email: parkjihyoda@gmail.com | OTP: 987502 | Status: ✅ PHPMailer email sent successfully

[2025-10-24 17:10:02] Email: markjamesp11770@gmail.com | OTP: 464148 | Status: ✅ PHPMailer email sent successfully

[2025-10-24 17:33:15] Email: parkjihyoda@gmail.com | OTP: 150332 | Status: ✅ PHPMailer email sent successfully

[2025-10-24 17:38:19] Email: unstoppabegaming@gmail.com | OTP: 186146 | Status: ✅ PHPMailer email sent successfully

[2025-10-24 17:46:23] Email: lhandelpamisa0@gmail.com | OTP: 149993 | Status: ✅ PHPMailer email sent successfully

[2025-10-24 18:57:16] Email: markjamesp11770@gmail.com | OTP: 823258 | Status: ✅ PHPMailer email sent successfully

[2025-10-24 19:20:17] Email: parkjihyoda@gmail.com | OTP: 228059 | Status: ✅ PHPMailer email sent successfully

[2025-10-24 19:23:23] Email: parkjihyoda@gmail.com | OTP: 976424 | Status: ✅ PHPMailer email sent successfully

[2025-10-24 19:30:47] Email: parkjihyoda@gmail.com | OTP: 629628 | Status: ✅ PHPMailer email sent successfully

[2025-10-24 19:35:55] Email: unstoppabegaming@gmail.com | OTP: 964169 | Status: ✅ PHPMailer email sent successfully

[2025-10-24 20:01:12] Email: parkjihyoda@gmail.com | OTP: 244157 | Status: ✅ PHPMailer email sent successfully

[2025-10-24 20:13:49] Email: unstoppabegaming@gmail.com | OTP: 859645 | Status: ✅ PHPMailer email sent successfully

[2025-10-24 20:24:15] Email: lhandelpamisa0@gmail.com | OTP: 118678 | Status: ✅ PHPMailer email sent successfully

[2025-10-24 20:26:13] Email: warrioscalvary@gmail.com | OTP: 114339 | Status: ✅ PHPMailer email sent successfully

[2025-10-24 20:29:14] Email: parkjihyoda@gmail.com | OTP: 156493 | Status: ✅ PHPMailer email sent successfully

[2025-10-24 20:58:58] Email: warrioscalvary@gmail.com | OTP: 122620 | Status: ✅ PHPMailer email sent successfully

[2025-10-24 21:18:41] Email: lhandelpamisa0@gmail.com | OTP: 730751 | Status: ✅ PHPMailer email sent successfully

[2025-10-24 22:21:12] Email: warrioscalvary@gmail.com | OTP: 611841 | Status: ✅ PHPMailer email sent successfully

[2025-10-24 22:29:23] Email: parkjihyoda@gmail.com | OTP: 814591 | Status: ✅ PHPMailer email sent successfully

[2025-10-24 23:47:55] Email: lhandelpamisa0@gmail.com | OTP: 997410 | Status: ✅ PHPMailer email sent successfully

[2025-10-25 00:17:50] Email: markjamesp11770@gmail.com | OTP: 498326 | Status: ✅ PHPMailer email sent successfully

[2025-10-25 00:48:16] Email: parkjihyoda@gmail.com | OTP: 431610 | Status: ✅ PHPMailer email sent successfully

[2025-10-25 01:12:18] Email: lhandelpamisa0@gmail.com | OTP: 661393 | Status: ✅ PHPMailer email sent successfully

[2025-10-25 01:21:23] Email: markjamesp11770@gmail.com | OTP: 369939 | Status: ✅ PHPMailer email sent successfully

[2025-10-25 01:40:11] Email: parkjihyoda@gmail.com | OTP: 196053 | Status: ✅ PHPMailer email sent successfully

[2025-10-25 02:44:32] Email: unstoppabegaming@gmail.com | OTP: 930965 | Status: ✅ PHPMailer email sent successfully

[2025-10-25 03:12:05] Email: warrioscalvary@gmail.com | OTP: 737343 | Status: ✅ PHPMailer email sent successfully

[2025-10-25 03:34:19] Email: parkjihyoda@gmail.com | OTP: 427582 | Status: ✅ PHPMailer email sent successfully

[2025-10-25 03:35:37] Email: warrioscalvary@gmail.com | OTP: 958524 | Status: ✅ PHPMailer email sent successfully

[2025-10-25 04:12:11] Email: warrioscalvary@gmail.com | OTP: 414533 | Status: ✅ PHPMailer email sent successfully

[2025-10-25 04:16:22] Email: parkjihyoda@gmail.com | OTP: 460653 | Status: ✅ PHPMailer email sent successfully

[2025-10-25 04:26:11] Email: unstoppabegaming@gmail.com | OTP: 199226 | Status: ✅ PHPMailer email sent successfully

[2025-10-25 04:35:04] Email: mercadal.micahmhae.alpis@gmail.com | OTP: 685551 | Status: ✅ PHPMailer email sent successfully

[2025-10-25 04:39:21] Email: parkjihyoda@gmail.com | OTP: 262830 | Status: ✅ PHPMailer email sent successfully

[2025-10-25 04:41:19] Email: unstoppabegaming@gmail.com | OTP: 420397 | Status: ✅ PHPMailer email sent successfully

[2025-10-25 04:43:01] Email: parkjihyoda@gmail.com | OTP: 951290 | Status: ✅ PHPMailer email sent successfully

[2025-10-25 04:49:23] Email: warrioscalvary@gmail.com | OTP: 863296 | Status: ✅ PHPMailer email sent successfully

[2025-10-25 04:50:22] Email: parkjihyoda@gmail.com | OTP: 146093 | Status: ✅ PHPMailer email sent successfully

[2025-10-25 04:50:57] Email: unstoppabegaming@gmail.com | OTP: 551289 | Status: ✅ PHPMailer email sent successfully

[2025-10-25 04:51:28] Email: lhandelpamisa0@gmail.com | OTP: 827747 | Status: ✅ PHPMailer email sent successfully

[2025-10-25 04:53:01] Email: warrioscalvary@gmail.com | OTP: 556191 | Status: ✅ PHPMailer email sent successfully

[2025-10-25 05:44:24] Email: lhandelpamisa0@gmail.com | OTP: 730348 | Status: ✅ PHPMailer email sent successfully

[2025-10-25 05:50:50] Email: lhandelpamisa0@gmail.com | OTP: 489578 | Status: ✅ PHPMailer email sent successfully

[2025-10-25 11:43:58] Email: edmalyncabales3@gmail.com | OTP: 403264 | Status: ✅ PHPMailer email sent successfully

[2025-10-25 11:46:13] Email: parkjihyoda@gmail.com | OTP: 624021 | Status: ✅ PHPMailer email sent successfully

[2025-10-25 11:48:31] Email: parkjihyoda@gmail.com | OTP: 481819 | Status: ✅ PHPMailer email sent successfully

[2025-10-25 11:54:47] Email: parkjihyoda@gmail.com | OTP: 160418 | Status: ✅ PHPMailer email sent successfully

[2025-10-25 11:55:09] Email: edmalyncabales3@gmail.com | OTP: 199799 | Status: ✅ PHPMailer email sent successfully

[2025-10-25 11:57:42] Email: lhandelpamisa0@gmail.com | OTP: 523747 | Status: ✅ PHPMailer email sent successfully

[2025-10-25 12:05:02] Email: warrioscalvary@gmail.com | OTP: 258211 | Status: ✅ PHPMailer email sent successfully

[2025-10-25 12:07:39] Email: warrioscalvary@gmail.com | OTP: 860586 | Status: ✅ PHPMailer email sent successfully

[2025-10-25 12:08:25] Email: lhandelpamisa0@gmail.com | OTP: 147019 | Status: ✅ PHPMailer email sent successfully

[2025-10-25 12:12:02] Email: warrioscalvary@gmail.com | OTP: 160818 | Status: ✅ PHPMailer email sent successfully

[2025-10-25 12:13:11] Email: warrioscalvary@gmail.com | OTP: 219719 | Status: ✅ PHPMailer email sent successfully

[2025-10-25 12:14:18] Email: warrioscalvary@gmail.com | OTP: 955846 | Status: ✅ PHPMailer email sent successfully

[2025-10-25 12:14:29] Email: warrioscalvary@gmail.com | OTP: 447189 | Status: ✅ PHPMailer email sent successfully

[2025-10-25 12:22:24] Email: warrioscalvary@gmail.com | OTP: 920361 | Status: ✅ PHPMailer email sent successfully

[2025-10-25 12:25:04] Email: warrioscalvary@gmail.com | OTP: 101319 | Status: ✅ PHPMailer email sent successfully

[2025-10-25 12:26:23] Email: warrioscalvary@gmail.com | OTP: 219681 | Status: ✅ PHPMailer email sent successfully

[2025-10-25 19:38:46] Email: lhandelpamisa0@gmail.com | OTP: 140985 | Status: ✅ PHPMailer email sent successfully

[2025-10-25 19:46:54] Email: warrioscalvary@gmail.com | OTP: 954708 | Status: ✅ PHPMailer email sent successfully

[2025-10-25 19:55:06] Email: warrioscalvary@gmail.com | OTP: 601666 | Status: ✅ PHPMailer email sent successfully

[2025-10-25 19:56:10] Email: unstoppabegaming@gmail.com | OTP: 961943 | Status: ✅ PHPMailer email sent successfully

[2025-10-25 19:58:27] Email: unstoppabegaming@gmail.com | OTP: 429387 | Status: ✅ PHPMailer email sent successfully

[2025-10-25 20:03:13] Email: unstoppabegaming@gmail.com | OTP: 386032 | Status: ✅ PHPMailer email sent successfully

[2025-10-26 21:17:21] Email: markjamesp11770@gmail.com | OTP: 155721 | Status: ✅ PHPMailer email sent successfully

[2025-10-26 21:29:27] Email: markjamesp11770@gmail.com | OTP: 529742 | Status: ✅ PHPMailer email sent successfully

[2025-10-26 21:38:04] Email: markjamesp11770@gmail.com | OTP: 923146 | Status: ✅ PHPMailer email sent successfully

[2025-10-27 21:36:03] Email: markjamesp11770@gmail.com | OTP: 713325 | Status: ✅ PHPMailer email sent successfully

[2025-10-27 21:37:10] Email: markjamesp11770@gmail.com | OTP: 374303 | Status: ✅ PHPMailer email sent successfully

[2025-10-27 21:39:15] Email: markjamesp11770@gmail.com | OTP: 953474 | Status: ✅ PHPMailer email sent successfully

[2025-10-27 21:40:00] Email: lhandelpamisa0@gmail.com | OTP: 193713 | Status: ✅ PHPMailer email sent successfully

[2025-10-27 21:49:39] Email: markjamesp11770@gmail.com | OTP: 320746 | Status: ✅ PHPMailer email sent successfully

[2025-10-27 21:51:22] Email: markjamesp11770@gmail.com | OTP: 534430 | Status: ✅ PHPMailer email sent successfully

[2025-10-27 22:18:12] Email: lhandelpamisa0@gmail.com | OTP: 892486 | Status: ✅ PHPMailer email sent successfully

[2025-10-27 22:20:09] Email: lhandelpamisa0@gmail.com | OTP: 520572 | Status: ✅ PHPMailer email sent successfully

[2025-10-27 22:21:27] Email: markjamesp11770@gmail.com | OTP: 459920 | Status: ✅ PHPMailer email sent successfully

[2025-10-27 22:22:13] Email: markjamesp11770@gmail.com | OTP: 695644 | Status: ✅ PHPMailer email sent successfully

[2025-10-27 22:23:53] Email: markjamesp11770@gmail.com | OTP: 845121 | Status: ✅ PHPMailer email sent successfully

[2025-10-27 22:32:22] Email: edmalyncabales3@gmail.com | OTP: 805569 | Status: ✅ PHPMailer email sent successfully

[2025-10-28 22:53:50] Email: markjamesp11770@gmail.com | OTP: 527814 | Status: ✅ PHPMailer email sent successfully

[2025-10-28 22:54:46] Email: lhandelpamisa0@gmail.com | OTP: 831059 | Status: ✅ PHPMailer email sent successfully

[2025-10-28 22:56:11] Email: edmalyncabales3@gmail.com | OTP: 189569 | Status: ✅ PHPMailer email sent successfully

[2025-10-29 01:15:41] Email: lhandelpamisa0@gmail.com | OTP: 981654 | Status: ✅ PHPMailer email sent successfully

[2025-10-29 01:20:35] Email: edmalyncabales3@gmail.com | OTP: 867350 | Status: ✅ PHPMailer email sent successfully

[2025-10-29 01:21:10] Email: edmalyncabales3@gmail.com | OTP: 942940 | Status: ✅ PHPMailer email sent successfully

[2025-10-29 01:28:21] Email: markpisngot47@gmail.com | OTP: 796885 | Status: ✅ PHPMailer email sent successfully

[2025-10-29 08:46:39] Email: lhandelpamisa0@gmail.com | OTP: 739749 | Status: ✅ PHPMailer email sent successfully

[2025-10-29 08:49:04] Email: markjamesp11770@gmail.com | OTP: 734621 | Status: ✅ PHPMailer email sent successfully

[2025-10-29 08:55:29] Email: edmalyncabales3@gmail.com | OTP: 634476 | Status: ✅ PHPMailer email sent successfully

[2025-10-29 09:23:49] Email: markjamesp11770@gmail.com | OTP: 747244 | Status: ✅ PHPMailer email sent successfully

[2025-10-29 09:27:13] Email: edmalyncabales3@gmail.com | OTP: 321825 | Status: ✅ PHPMailer email sent successfully

[2025-10-29 09:39:47] Email: unstoppabegaming@gmail.com | OTP: 715633 | Status: ✅ PHPMailer email sent successfully
